[2025-02-06 21:58:11 : INFO] - Cache for multiple term taxonomy have been purged due to post terms update, triggered by action: set_object_terms 
[2025-02-06 21:58:11 : INFO] - Cache for URL: https://saridis.local/?p=9 has been purged, triggered by action: save_post 
[2025-02-06 21:58:11 : INFO] - Cache for all archives page associated with post_type: post and Title: "group_67311584a2061" have been purged, triggered by action: save_post 
[2025-02-06 21:58:14 : INFO] - Cache for multiple term taxonomy have been purged due to post terms update, triggered by action: set_object_terms 
[2025-02-06 21:58:14 : INFO] - Cache for URL: https://saridis.local/?p=13 has been purged, triggered by action: save_post 
[2025-02-06 21:58:14 : INFO] - Cache for all archives page associated with post_type: post and Title: "group_679735cf58b1c" have been purged, triggered by action: save_post 
[2025-02-06 21:58:18 : INFO] - Cache for multiple term taxonomy have been purged due to post terms update, triggered by action: set_object_terms 
[2025-02-06 21:58:18 : INFO] - Cache for URL: https://saridis.local/?p=18 has been purged, triggered by action: save_post 
[2025-02-06 21:58:18 : INFO] - Cache for all archives page associated with post_type: post and Title: "group_6731160e5e9a6" have been purged, triggered by action: save_post 
[2025-02-06 21:58:32 : INFO] - Cache for multiple term taxonomy have been purged due to post terms update, triggered by action: set_object_terms 
[2025-02-06 21:58:32 : INFO] - Cache for URL: https://saridis.local/?p=35 has been purged, triggered by action: save_post 
[2025-02-06 21:58:32 : INFO] - Cache for all archives page associated with post_type: post and Title: "group_6731225ca6b77" have been purged, triggered by action: save_post 
[2025-02-06 22:52:47 : INFO] - Cache for URL: https://saridis.local/?page_id=39 has been purged, triggered by action: save_post 
[2025-02-06 22:53:04 : INFO] - Cache for URL: https://saridis.local/privacy/ has been purged, triggered by action: save_post 
[2025-02-06 22:53:11 : INFO] - Cache for URL: https://saridis.local/?page_id=41 has been purged, triggered by action: save_post 
[2025-02-06 22:53:21 : INFO] - Cache for URL: https://saridis.local/glavnaya-stranicza/ has been purged, triggered by action: save_post 
[2025-02-06 22:53:34 : INFO] - Cache for homepage has been purged due to change in the Homepage displays options, triggered by action: update_option_page_on_front 
[2025-02-06 23:11:06 : INFO] - Cache for URL: https://saridis.local/?page_id=49 has been purged, triggered by action: save_post 
[2025-02-06 23:11:18 : INFO] - Cache for URL: https://saridis.local/contacts/ has been purged, triggered by action: save_post 
[2025-02-06 23:11:21 : INFO] - Cache for URL: https://saridis.local/?page_id=51 has been purged, triggered by action: save_post 
[2025-02-06 23:11:32 : INFO] - Cache for URL: https://saridis.local/news/ has been purged, triggered by action: save_post 
[2025-02-06 23:12:01 : INFO] - Cache for URL: https://saridis.local/?page_id=53 has been purged, triggered by action: save_post 
[2025-02-06 23:12:24 : INFO] - Cache for URL: https://saridis.local/about/ has been purged, triggered by action: save_post 
[2025-02-06 23:12:34 : INFO] - Cache for URL: https://saridis.local/?page_id=55 has been purged, triggered by action: save_post 
[2025-02-06 23:12:46 : INFO] - Cache for URL: https://saridis.local/how/ has been purged, triggered by action: save_post 
[2025-02-06 23:13:05 : INFO] - Cache for URL: https://saridis.local/?page_id=57 has been purged, triggered by action: save_post 
[2025-02-06 23:13:17 : INFO] - Cache for URL: https://saridis.local/catalog/ has been purged, triggered by action: save_post 
[2025-02-06 23:15:44 : INFO] - Cache for URL: https://saridis.local/?page_id=65 has been purged, triggered by action: save_post 
[2025-02-06 23:15:54 : INFO] - Cache for URL: https://saridis.local/delivery/ has been purged, triggered by action: save_post 
[2025-02-06 23:16:00 : INFO] - Cache for URL: https://saridis.local/?page_id=67 has been purged, triggered by action: save_post 
[2025-02-06 23:16:43 : INFO] - Cache for URL: https://saridis.local/recipes/ has been purged, triggered by action: save_post 
[2025-02-06 23:16:53 : INFO] - Cache for URL: https://saridis.local/?page_id=69 has been purged, triggered by action: save_post 
[2025-02-06 23:17:29 : INFO] - Cache for URL: https://saridis.local/wholesale/ has been purged, triggered by action: save_post 
[2025-02-09 22:08:00 : INFO] - Cache for URL: https://saridis.local/ has been purged, triggered by action: save_post 
[2025-02-09 22:08:47 : INFO] - Cache for URL: https://saridis.local/ has been purged, triggered by action: save_post 
[2025-02-09 22:44:19 : INFO] - Cache for URL: https://saridis.local/ has been purged, triggered by action: save_post 
[2025-02-09 23:11:49 : INFO] - Cache for URL: https://saridis.local/ has been purged, triggered by action: save_post 
[2025-02-09 23:17:28 : INFO] - Cache for URL: https://saridis.local/?post_type=recipes&p=117 has been purged, triggered by action: save_post 
[2025-02-09 23:18:05 : INFO] - Cache for URL: https://saridis.local/recipes/bugatsa-grecheskij-pirog-s-myasom/ has been purged, triggered by action: save_post 
[2025-02-09 23:18:11 : INFO] - Cache for URL: https://saridis.local/?post_type=recipes&p=122 has been purged, triggered by action: save_post 
[2025-02-09 23:18:29 : INFO] - Cache for URL: https://saridis.local/recipes/122/ has been purged, triggered by action: save_post 
[2025-02-09 23:18:41 : INFO] - Cache for URL: https://saridis.local/recipes/bugatsa-grecheskij-pirog-s-myasom-2/ has been purged, triggered by action: save_post 
[2025-02-09 23:18:45 : INFO] - Cache for URL: https://saridis.local/?post_type=recipes&p=123 has been purged, triggered by action: save_post 
[2025-02-09 23:18:59 : INFO] - Cache for URL: https://saridis.local/recipes/bugatsa-grecheskij-pirog-s-myasom-3/ has been purged, triggered by action: save_post 
[2025-02-09 23:19:02 : INFO] - Cache for URL: https://saridis.local/?post_type=recipes&p=124 has been purged, triggered by action: save_post 
[2025-02-09 23:19:18 : INFO] - Cache for URL: https://saridis.local/recipes/bugatsa-grecheskij-pirog-s-myasom-4/ has been purged, triggered by action: save_post 
[2025-02-09 23:50:13 : INFO] - Cache for URL: https://saridis.local/ has been purged, triggered by action: save_post 
[2025-02-11 00:02:18 : INFO] - Cache for URL: https://saridis.local/?post_type=catalog&p=135 has been purged, triggered by action: save_post 
[2025-02-11 01:02:01 : INFO] - Cache for URL: https://saridis.local/ has been purged, triggered by action: save_post 
[2025-02-11 01:25:25 : INFO] - Cache for URL: https://saridis.local/ has been purged, triggered by action: save_post 
[2025-02-11 01:28:51 : INFO] - Cache for URL: https://saridis.local/ has been purged, triggered by action: save_post 
[2025-02-11 04:15:04 : INFO] - Cache for URL: https://saridis.local/recipes/ has been purged, triggered by action: save_post 
[2025-02-11 04:18:48 : INFO] - Cache for URL: https://saridis.local/contacts/ has been purged, triggered by action: save_post 
[2025-02-12 23:26:20 : INFO] - Cache for URL: https://saridis.local/about/ has been purged, triggered by action: save_post 
[2025-02-12 23:28:35 : INFO] - Cache for URL: https://saridis.local/about/ has been purged, triggered by action: save_post 
[2025-02-12 23:30:21 : INFO] - Cache for URL: https://saridis.local/about/ has been purged, triggered by action: save_post 
[2025-02-12 23:31:58 : INFO] - Cache for URL: https://saridis.local/about/ has been purged, triggered by action: save_post 
[2025-02-13 01:40:08 : INFO] - Cache for URL: https://saridis.local/recipes/bugatsa-grecheskij-pirog-s-myasom/ has been purged, triggered by action: save_post 
[2025-02-13 01:41:12 : INFO] - Cache for URL: https://saridis.local/recipes/bugatsa-grecheskij-pirog-s-myasom-4/ has been purged, triggered by action: save_post 
[2025-02-13 01:43:41 : INFO] - Cache for URL: https://saridis.local/recipes/bugatsa-grecheskij-pirog-s-myasom-4/ has been purged, triggered by action: save_post 
[2025-02-13 02:50:33 : INFO] - Cache for URL: https://saridis.local/recipes/bugatsa-grecheskij-pirog-s-myasom-4/ has been purged, triggered by action: save_post 
[2025-02-13 03:42:29 : INFO] - Cache for URL: https://saridis.local/recipes/bugatsa-grecheskij-pirog-s-myasom-4/ has been purged, triggered by action: save_post 
[2025-02-13 05:32:58 : INFO] - Cache for URL: https://saridis.local/?post_type=orders&p=227 has been purged, triggered by action: save_post 
[2025-02-13 05:42:14 : INFO] - Full Cache Purge triggered by: plugin activation/deactivation 
[2025-02-13 05:54:32 : INFO] - Cache for URL: https://saridis.local/?post_type=catalog&p=248 has been purged, triggered by action: save_post 
[2025-02-13 05:54:58 : INFO] - Cache for URL: https://saridis.local/?post_type=catalog&p=249 has been purged, triggered by action: save_post 
[2025-02-13 05:58:05 : INFO] - Cache for multiple term taxonomy have been purged due to post terms update, triggered by action: set_object_terms 
[2025-02-13 05:58:05 : INFO] - Cache for URL: https://saridis.local/catalog/latzimas-gold/ has been purged, triggered by action: save_post 
[2025-02-13 05:59:00 : INFO] - Cache for multiple term taxonomy have been purged due to post terms update, triggered by action: set_object_terms 
[2025-02-13 05:59:01 : INFO] - Cache for multiple term taxonomy have been purged due to post terms update, triggered by action: set_object_terms 
[2025-02-13 05:59:01 : INFO] - Cache for URL: https://saridis.local/catalog/latzimas-gold/ has been purged, triggered by action: save_post 
[2025-02-13 07:40:02 : INFO] - Cache for multiple term taxonomy have been purged due to post terms update, triggered by action: set_object_terms 
[2025-02-13 07:40:03 : INFO] - Cache for multiple term taxonomy have been purged due to post terms update, triggered by action: set_object_terms 
[2025-02-13 07:40:03 : INFO] - Cache for multiple term taxonomy have been purged due to post terms update, triggered by action: set_object_terms 
[2025-02-13 07:40:03 : INFO] - Cache for URL: https://saridis.local/catalog/latzimas-gold/ has been purged, triggered by action: save_post 
[2025-02-13 07:47:03 : INFO] - Cache for multiple term taxonomy have been purged due to post terms update, triggered by action: set_object_terms 
[2025-02-13 07:47:03 : INFO] - Cache for multiple term taxonomy have been purged due to post terms update, triggered by action: set_object_terms 
[2025-02-13 07:47:04 : INFO] - Cache for multiple term taxonomy have been purged due to post terms update, triggered by action: set_object_terms 
[2025-02-13 07:47:04 : INFO] - Cache for multiple term taxonomy have been purged due to post terms update, triggered by action: set_object_terms 
[2025-02-13 07:47:04 : INFO] - Cache for URL: https://saridis.local/catalog/latzimas-gold/ has been purged, triggered by action: save_post 
[2025-02-14 05:08:51 : INFO] - Cache for URL: https://saridis.local/?p=263 has been purged, triggered by action: save_post 
[2025-02-14 05:08:51 : INFO] - Cache for all archives page associated with post_type: post and Title: "Черновик" have been purged, triggered by action: save_post 
[2025-02-14 05:08:58 : INFO] - Cache for URL: https://saridis.local/?page_id=264 has been purged, triggered by action: save_post 
[2025-02-14 05:10:23 : INFO] - Cache for URL: https://saridis.local/lichnyj-kabinet/ has been purged, triggered by action: save_post 
[2025-02-14 05:10:39 : INFO] - Cache for URL: https://saridis.local/profile/ has been purged, triggered by action: save_post 
[2025-02-14 05:12:55 : INFO] - Cache for URL: https://saridis.local/?post_type=catalog&p=266 has been purged, triggered by action: save_post 
[2025-02-14 05:12:55 : INFO] - Cache for multiple term taxonomy have been purged due to post terms update, triggered by action: set_object_terms 
[2025-02-14 05:12:55 : INFO] - Cache for multiple term taxonomy have been purged due to post terms update, triggered by action: set_object_terms 
[2025-02-14 05:12:57 : INFO] - Cache for URL: https://saridis.local/?post_type=catalog&p=267 has been purged, triggered by action: save_post 
[2025-02-14 05:12:57 : INFO] - Cache for multiple term taxonomy have been purged due to post terms update, triggered by action: set_object_terms 
[2025-02-14 05:12:57 : INFO] - Cache for multiple term taxonomy have been purged due to post terms update, triggered by action: set_object_terms 
[2025-02-14 05:12:59 : INFO] - Cache for URL: https://saridis.local/?post_type=catalog&p=268 has been purged, triggered by action: save_post 
[2025-02-14 05:12:59 : INFO] - Cache for multiple term taxonomy have been purged due to post terms update, triggered by action: set_object_terms 
[2025-02-14 05:12:59 : INFO] - Cache for multiple term taxonomy have been purged due to post terms update, triggered by action: set_object_terms 
[2025-02-14 05:13:01 : INFO] - Cache for URL: https://saridis.local/?post_type=catalog&p=269 has been purged, triggered by action: save_post 
[2025-02-14 05:13:01 : INFO] - Cache for multiple term taxonomy have been purged due to post terms update, triggered by action: set_object_terms 
[2025-02-14 05:13:01 : INFO] - Cache for multiple term taxonomy have been purged due to post terms update, triggered by action: set_object_terms 
[2025-02-14 05:13:04 : INFO] - Cache for URL: https://saridis.local/?post_type=catalog&p=270 has been purged, triggered by action: save_post 
[2025-02-14 05:13:04 : INFO] - Cache for multiple term taxonomy have been purged due to post terms update, triggered by action: set_object_terms 
[2025-02-14 05:13:04 : INFO] - Cache for multiple term taxonomy have been purged due to post terms update, triggered by action: set_object_terms 
[2025-02-14 05:13:08 : INFO] - Cache for URL: https://saridis.local/?post_type=catalog&p=271 has been purged, triggered by action: save_post 
[2025-02-14 05:13:08 : INFO] - Cache for multiple term taxonomy have been purged due to post terms update, triggered by action: set_object_terms 
[2025-02-14 05:13:08 : INFO] - Cache for multiple term taxonomy have been purged due to post terms update, triggered by action: set_object_terms 
[2025-02-14 05:13:11 : INFO] - Cache for URL: https://saridis.local/?post_type=catalog&p=272 has been purged, triggered by action: save_post 
[2025-02-14 05:13:11 : INFO] - Cache for multiple term taxonomy have been purged due to post terms update, triggered by action: set_object_terms 
[2025-02-14 05:13:11 : INFO] - Cache for multiple term taxonomy have been purged due to post terms update, triggered by action: set_object_terms 
[2025-02-14 05:13:14 : INFO] - Cache for URL: https://saridis.local/?post_type=catalog&p=273 has been purged, triggered by action: save_post 
[2025-02-14 05:13:14 : INFO] - Cache for multiple term taxonomy have been purged due to post terms update, triggered by action: set_object_terms 
[2025-02-14 05:13:14 : INFO] - Cache for multiple term taxonomy have been purged due to post terms update, triggered by action: set_object_terms 
[2025-02-14 05:13:20 : INFO] - Cache for multiple term taxonomy have been purged due to post terms update, triggered by action: set_object_terms 
[2025-02-14 05:13:20 : INFO] - Cache for multiple term taxonomy have been purged due to post terms update, triggered by action: set_object_terms 
[2025-02-14 05:13:25 : INFO] - Cache for URL: https://saridis.local/catalog/latzimas-gold-2/ has been purged, triggered by action: save_post 
[2025-02-14 05:13:31 : INFO] - Cache for multiple term taxonomy have been purged due to post terms update, triggered by action: set_object_terms 
[2025-02-14 05:13:31 : INFO] - Cache for multiple term taxonomy have been purged due to post terms update, triggered by action: set_object_terms 
[2025-02-14 05:13:32 : INFO] - Cache for URL: https://saridis.local/catalog/latzimas-gold-3/ has been purged, triggered by action: save_post 
[2025-02-14 05:13:37 : INFO] - Cache for multiple term taxonomy have been purged due to post terms update, triggered by action: set_object_terms 
[2025-02-14 05:13:37 : INFO] - Cache for multiple term taxonomy have been purged due to post terms update, triggered by action: set_object_terms 
[2025-02-14 05:13:38 : INFO] - Cache for URL: https://saridis.local/catalog/latzimas-gold-4/ has been purged, triggered by action: save_post 
[2025-02-14 05:13:42 : INFO] - Cache for multiple term taxonomy have been purged due to post terms update, triggered by action: set_object_terms 
[2025-02-14 05:13:42 : INFO] - Cache for multiple term taxonomy have been purged due to post terms update, triggered by action: set_object_terms 
[2025-02-14 05:13:43 : INFO] - Cache for URL: https://saridis.local/catalog/latzimas-gold-5/ has been purged, triggered by action: save_post 
[2025-02-14 05:13:47 : INFO] - Cache for multiple term taxonomy have been purged due to post terms update, triggered by action: set_object_terms 
[2025-02-14 05:13:47 : INFO] - Cache for multiple term taxonomy have been purged due to post terms update, triggered by action: set_object_terms 
[2025-02-14 05:13:48 : INFO] - Cache for URL: https://saridis.local/catalog/latzimas-gold-6/ has been purged, triggered by action: save_post 
[2025-02-14 05:13:52 : INFO] - Cache for multiple term taxonomy have been purged due to post terms update, triggered by action: set_object_terms 
[2025-02-14 05:13:52 : INFO] - Cache for multiple term taxonomy have been purged due to post terms update, triggered by action: set_object_terms 
[2025-02-14 05:13:53 : INFO] - Cache for URL: https://saridis.local/catalog/latzimas-gold-7/ has been purged, triggered by action: save_post 
[2025-02-14 05:13:57 : INFO] - Cache for multiple term taxonomy have been purged due to post terms update, triggered by action: set_object_terms 
[2025-02-14 05:13:57 : INFO] - Cache for multiple term taxonomy have been purged due to post terms update, triggered by action: set_object_terms 
[2025-02-14 05:13:58 : INFO] - Cache for URL: https://saridis.local/catalog/latzimas-gold-8/ has been purged, triggered by action: save_post 
[2025-02-14 05:14:02 : INFO] - Cache for multiple term taxonomy have been purged due to post terms update, triggered by action: set_object_terms 
[2025-02-14 05:14:02 : INFO] - Cache for multiple term taxonomy have been purged due to post terms update, triggered by action: set_object_terms 
[2025-02-14 05:14:03 : INFO] - Cache for URL: https://saridis.local/catalog/latzimas-gold-9/ has been purged, triggered by action: save_post 
[2025-02-14 08:31:53 : INFO] - Cache for URL: https://saridis.local/catalog/ has been purged, triggered by action: save_post 
[2025-02-16 14:52:53 : INFO] - Cache for multiple term taxonomy have been purged due to post terms update, triggered by action: set_object_terms 
[2025-02-16 14:52:53 : INFO] - Cache for multiple term taxonomy have been purged due to post terms update, triggered by action: set_object_terms 
[2025-02-16 14:52:54 : INFO] - Cache for multiple term taxonomy have been purged due to post terms update, triggered by action: set_object_terms 
[2025-02-16 14:52:54 : INFO] - Cache for multiple term taxonomy have been purged due to post terms update, triggered by action: set_object_terms 
[2025-02-16 14:52:54 : INFO] - Cache for URL: https://saridis.local/catalog/latzimas-gold-9/ has been purged, triggered by action: save_post 
[2025-02-16 14:53:17 : INFO] - Cache for multiple term taxonomy have been purged due to post terms update, triggered by action: set_object_terms 
[2025-02-16 14:53:17 : INFO] - Cache for multiple term taxonomy have been purged due to post terms update, triggered by action: set_object_terms 
[2025-02-16 14:53:17 : INFO] - Cache for multiple term taxonomy have been purged due to post terms update, triggered by action: set_object_terms 
[2025-02-16 14:53:17 : INFO] - Cache for multiple term taxonomy have been purged due to post terms update, triggered by action: set_object_terms 
[2025-02-16 14:53:17 : INFO] - Cache for URL: https://saridis.local/catalog/latzimas-gold-8/ has been purged, triggered by action: save_post 
[2025-02-16 14:53:26 : INFO] - Cache for multiple term taxonomy have been purged due to post terms update, triggered by action: set_object_terms 
[2025-02-16 14:53:26 : INFO] - Cache for multiple term taxonomy have been purged due to post terms update, triggered by action: set_object_terms 
[2025-02-16 14:53:26 : INFO] - Cache for multiple term taxonomy have been purged due to post terms update, triggered by action: set_object_terms 
[2025-02-16 14:53:26 : INFO] - Cache for multiple term taxonomy have been purged due to post terms update, triggered by action: set_object_terms 
[2025-02-16 14:53:26 : INFO] - Cache for URL: https://saridis.local/catalog/latzimas-gold-7/ has been purged, triggered by action: save_post 
[2025-02-16 14:53:34 : INFO] - Cache for multiple term taxonomy have been purged due to post terms update, triggered by action: set_object_terms 
[2025-02-16 14:53:34 : INFO] - Cache for multiple term taxonomy have been purged due to post terms update, triggered by action: set_object_terms 
[2025-02-16 14:53:35 : INFO] - Cache for multiple term taxonomy have been purged due to post terms update, triggered by action: set_object_terms 
[2025-02-16 14:53:35 : INFO] - Cache for multiple term taxonomy have been purged due to post terms update, triggered by action: set_object_terms 
[2025-02-16 14:53:35 : INFO] - Cache for URL: https://saridis.local/catalog/latzimas-gold-6/ has been purged, triggered by action: save_post 
[2025-02-16 14:53:47 : INFO] - Cache for multiple term taxonomy have been purged due to post terms update, triggered by action: set_object_terms 
[2025-02-16 14:53:47 : INFO] - Cache for multiple term taxonomy have been purged due to post terms update, triggered by action: set_object_terms 
[2025-02-16 14:53:48 : INFO] - Cache for multiple term taxonomy have been purged due to post terms update, triggered by action: set_object_terms 
[2025-02-16 14:53:48 : INFO] - Cache for multiple term taxonomy have been purged due to post terms update, triggered by action: set_object_terms 
[2025-02-16 14:53:48 : INFO] - Cache for URL: https://saridis.local/catalog/latzimas-gold-5/ has been purged, triggered by action: save_post 
[2025-02-16 14:53:55 : INFO] - Cache for multiple term taxonomy have been purged due to post terms update, triggered by action: set_object_terms 
[2025-02-16 14:53:55 : INFO] - Cache for multiple term taxonomy have been purged due to post terms update, triggered by action: set_object_terms 
[2025-02-16 14:53:56 : INFO] - Cache for multiple term taxonomy have been purged due to post terms update, triggered by action: set_object_terms 
[2025-02-16 14:53:56 : INFO] - Cache for multiple term taxonomy have been purged due to post terms update, triggered by action: set_object_terms 
[2025-02-16 14:53:56 : INFO] - Cache for URL: https://saridis.local/catalog/latzimas-gold-4/ has been purged, triggered by action: save_post 
[2025-02-17 00:10:36 : INFO] - Cache for URL: https://saridis.local/feedback/7-232-323-23/ has been purged, triggered by action: save_post 
[2025-02-17 00:12:57 : INFO] - Cache for URL: https://saridis.local/feedback/7-232-323-23/ has been purged, triggered by action: wp_trash_post 
[2025-02-17 00:12:57 : INFO] - Cache for URL: https://saridis.local/?post_type=feedback&p=288 has been purged, triggered by action: save_post 
[2025-02-17 00:20:08 : INFO] - Cache for URL: https://saridis.local/registers/testtest-ru/ has been purged, triggered by action: save_post 
[2025-02-17 00:49:09 : INFO] - Cache for URL: https://saridis.local/?post_type=orders&p=304 has been purged, triggered by action: save_post 
[2025-02-17 03:26:53 : INFO] - Cache for URL: https://saridis.local/?page_id=305 has been purged, triggered by action: save_post 
[2025-02-17 03:27:53 : INFO] - Cache for URL: https://saridis.local/?page_id=306 has been purged, triggered by action: save_post 
[2025-02-17 03:28:07 : INFO] - Cache for URL: https://saridis.local/cart/ has been purged, triggered by action: save_post 
[2025-02-17 05:35:56 : INFO] - Cache for URL: https://saridis.local/?post_type=orders&p=308 has been purged, triggered by action: save_post 
[2025-02-17 05:36:21 : INFO] - Cache for URL: https://saridis.local/?post_type=orders&p=309 has been purged, triggered by action: save_post 
[2025-02-17 05:36:39 : INFO] - Cache for URL: https://saridis.local/?post_type=orders&p=310 has been purged, triggered by action: save_post 
[2025-02-17 05:37:06 : INFO] - Cache for URL: https://saridis.local/?post_type=orders&p=311 has been purged, triggered by action: save_post 
[2025-02-17 05:37:19 : INFO] - Cache for URL: https://saridis.local/orders/test/ has been purged, triggered by action: save_post 
[2025-02-17 05:39:02 : INFO] - Cache for URL: https://saridis.local/orders/test/ has been purged, triggered by action: wp_trash_post 
[2025-02-17 05:39:03 : INFO] - Cache for URL: https://saridis.local/?post_type=orders&p=311 has been purged, triggered by action: save_post 
[2025-02-17 05:39:03 : INFO] - Cache for URL: https://saridis.local/?post_type=orders&p=310 has been purged, triggered by action: wp_trash_post 
[2025-02-17 05:39:03 : INFO] - Cache for URL: https://saridis.local/?post_type=orders&p=310 has been purged, triggered by action: save_post 
[2025-02-17 05:39:03 : INFO] - Cache for URL: https://saridis.local/?post_type=orders&p=308 has been purged, triggered by action: wp_trash_post 
[2025-02-17 05:39:03 : INFO] - Cache for URL: https://saridis.local/?post_type=orders&p=308 has been purged, triggered by action: save_post 
[2025-02-17 05:54:09 : INFO] - Cache for URL: https://saridis.local/orders/efr3m0vdenyandex-ru/ has been purged, triggered by action: save_post 
[2025-02-17 05:55:10 : INFO] - Cache for URL: https://saridis.local/orders/efr3m0vdenyandex-ru-2/ has been purged, triggered by action: save_post 
[2025-02-17 05:56:03 : INFO] - Cache for URL: https://saridis.local/orders/efr3m0vdenyandex-ru-3/ has been purged, triggered by action: save_post 
[2025-02-17 05:57:27 : INFO] - Cache for URL: https://saridis.local/orders/efr3m0vdenyandex-ru-4/ has been purged, triggered by action: save_post 
[2025-02-17 06:00:10 : INFO] - Cache for URL: https://saridis.local/orders/efr3m0vdenyandex-ru-4/ has been purged, triggered by action: save_post 
[2025-02-17 06:00:18 : INFO] - Cache for URL: https://saridis.local/orders/efr3m0vdenyandex-ru-3/ has been purged, triggered by action: save_post 
[2025-02-17 06:00:28 : INFO] - Cache for URL: https://saridis.local/orders/efr3m0vdenyandex-ru-2/ has been purged, triggered by action: save_post 
[2025-02-17 06:15:39 : INFO] - Cache for URL: https://saridis.local/orders/efr3m0vdenyandex-ru/ has been purged, triggered by action: save_post 
[2025-02-17 06:15:42 : INFO] - Cache for URL: https://saridis.local/orders/efr3m0vdenyandex-ru/ has been purged, triggered by action: save_post 
[2025-02-17 06:22:34 : INFO] - Cache for URL: https://saridis.local/orders/efr3m0vdenyandex-ru-4/ has been purged, triggered by action: wp_trash_post 
[2025-02-17 06:22:35 : INFO] - Cache for URL: https://saridis.local/?post_type=orders&p=315 has been purged, triggered by action: save_post 
[2025-02-17 06:22:35 : INFO] - Cache for URL: https://saridis.local/orders/efr3m0vdenyandex-ru-3/ has been purged, triggered by action: wp_trash_post 
[2025-02-17 06:22:36 : INFO] - Cache for URL: https://saridis.local/?post_type=orders&p=314 has been purged, triggered by action: save_post 
[2025-02-17 06:22:36 : INFO] - Cache for URL: https://saridis.local/orders/efr3m0vdenyandex-ru-2/ has been purged, triggered by action: wp_trash_post 
[2025-02-17 06:22:36 : INFO] - Cache for URL: https://saridis.local/?post_type=orders&p=313 has been purged, triggered by action: save_post 
[2025-02-17 06:22:36 : INFO] - Cache for URL: https://saridis.local/orders/efr3m0vdenyandex-ru/ has been purged, triggered by action: wp_trash_post 
[2025-02-17 06:22:37 : INFO] - Cache for URL: https://saridis.local/?post_type=orders&p=312 has been purged, triggered by action: save_post 
[2025-02-17 06:23:56 : INFO] - Cache for URL: https://saridis.local/orders/efr3m0vdenyandex-ru/ has been purged, triggered by action: save_post 
[2025-02-17 06:24:14 : INFO] - Cache for URL: https://saridis.local/?post_type=orders&p=318 has been purged, triggered by action: save_post 
[2025-02-17 06:24:18 : INFO] - Cache for URL: https://saridis.local/?post_type=orders&p=319 has been purged, triggered by action: save_post 
[2025-02-17 06:24:47 : INFO] - Cache for URL: https://saridis.local/?post_type=orders&p=320 has been purged, triggered by action: save_post 
[2025-02-17 06:24:55 : INFO] - Cache for URL: https://saridis.local/orders/efr3m0vdenyandex-ru-2/ has been purged, triggered by action: save_post 
[2025-02-17 06:25:06 : INFO] - Cache for URL: https://saridis.local/orders/efr3m0vdenyandex-ru-3/ has been purged, triggered by action: save_post 
[2025-02-17 06:25:14 : INFO] - Cache for URL: https://saridis.local/orders/efr3m0vdenyandex-ru-4/ has been purged, triggered by action: save_post 
[2025-02-17 10:39:57 : INFO] - Cache for URL: https://saridis.local/about/ has been purged, triggered by action: save_post 
[2025-02-21 00:59:52 : INFO] - Cache for URL: https://saridis.local/orders/efr3m0vdenyandex-ru-4/ has been purged, triggered by action: wp_trash_post 
[2025-02-21 00:59:53 : INFO] - Cache for URL: https://saridis.local/?post_type=orders&p=318 has been purged, triggered by action: save_post 
[2025-02-21 00:59:53 : INFO] - Cache for URL: https://saridis.local/orders/efr3m0vdenyandex-ru-3/ has been purged, triggered by action: wp_trash_post 
[2025-02-21 00:59:53 : INFO] - Cache for URL: https://saridis.local/?post_type=orders&p=319 has been purged, triggered by action: save_post 
[2025-02-21 00:59:53 : INFO] - Cache for URL: https://saridis.local/orders/efr3m0vdenyandex-ru-2/ has been purged, triggered by action: wp_trash_post 
[2025-02-21 00:59:54 : INFO] - Cache for URL: https://saridis.local/?post_type=orders&p=320 has been purged, triggered by action: save_post 
[2025-02-21 00:59:54 : INFO] - Cache for URL: https://saridis.local/orders/efr3m0vdenyandex-ru/ has been purged, triggered by action: wp_trash_post 
[2025-02-21 00:59:54 : INFO] - Cache for URL: https://saridis.local/?post_type=orders&p=317 has been purged, triggered by action: save_post 
[2025-02-21 01:00:04 : INFO] - Cache for URL: https://saridis.local/registers/testtest-ru/ has been purged, triggered by action: wp_trash_post 
[2025-02-21 01:00:04 : INFO] - Cache for URL: https://saridis.local/?post_type=registers&p=295 has been purged, triggered by action: save_post 
[2025-02-21 01:54:22 : INFO] - Cache for URL: https://saridis.local/delivery/ has been purged, triggered by action: save_post 
[2025-02-21 01:55:17 : INFO] - Cache for URL: https://saridis.local/delivery/ has been purged, triggered by action: save_post 
[2025-02-21 07:49:02 : INFO] - Cache for URL: https://saridis.local/wholesale/ has been purged, triggered by action: save_post 
[2025-02-21 07:51:49 : INFO] - Cache for URL: https://saridis.local/wholesale/ has been purged, triggered by action: save_post 
[2025-02-21 15:42:02 : INFO] - Cache for URL: https://saridis.local/wholesale/ has been purged, triggered by action: save_post 
[2025-02-21 15:42:27 : INFO] - Cache for URL: https://saridis.local/wholesale/ has been purged, triggered by action: save_post 
[2025-02-22 05:08:11 : INFO] - Cache for multiple term taxonomy have been purged due to post terms update, triggered by action: set_object_terms 
[2025-02-22 05:08:11 : INFO] - Cache for multiple term taxonomy have been purged due to post terms update, triggered by action: set_object_terms 
[2025-02-22 05:08:12 : INFO] - Cache for URL: https://saridis.local/catalog/koricza-gold-palochki/ has been purged, triggered by action: save_post 
[2025-02-22 05:08:12 : INFO] - Cache for multiple term taxonomy have been purged due to post terms update, triggered by action: set_object_terms 
[2025-02-22 05:08:12 : INFO] - Cache for multiple term taxonomy have been purged due to post terms update, triggered by action: set_object_terms 
[2025-02-22 05:08:13 : INFO] - Cache for URL: https://saridis.local/catalog/priprava-oregano-hlopya/ has been purged, triggered by action: save_post 
[2025-02-22 05:08:13 : INFO] - Cache for multiple term taxonomy have been purged due to post terms update, triggered by action: set_object_terms 
[2025-02-22 05:08:13 : INFO] - Cache for multiple term taxonomy have been purged due to post terms update, triggered by action: set_object_terms 
[2025-02-22 05:08:13 : INFO] - Cache for URL: https://saridis.local/catalog/priprava-kurkuma-molotaya/ has been purged, triggered by action: save_post 
[2025-02-22 05:08:13 : INFO] - Cache for multiple term taxonomy have been purged due to post terms update, triggered by action: set_object_terms 
[2025-02-22 05:08:13 : INFO] - Cache for multiple term taxonomy have been purged due to post terms update, triggered by action: set_object_terms 
[2025-02-22 05:08:14 : INFO] - Cache for URL: https://saridis.local/catalog/priprava-timyan-chebrecz-hlopya/ has been purged, triggered by action: save_post 
[2025-02-22 05:08:14 : INFO] - Cache for multiple term taxonomy have been purged due to post terms update, triggered by action: set_object_terms 
[2025-02-22 05:08:14 : INFO] - Cache for multiple term taxonomy have been purged due to post terms update, triggered by action: set_object_terms 
[2025-02-22 05:08:14 : INFO] - Cache for URL: https://saridis.local/catalog/chernyj-perecz-vysshej-kategorii-molotyj/ has been purged, triggered by action: save_post 
[2025-02-22 05:08:14 : INFO] - Cache for multiple term taxonomy have been purged due to post terms update, triggered by action: set_object_terms 
[2025-02-22 05:08:14 : INFO] - Cache for multiple term taxonomy have been purged due to post terms update, triggered by action: set_object_terms 
[2025-02-22 05:08:15 : INFO] - Cache for URL: https://saridis.local/catalog/krasnyj-ostryj-perecz-bukovo-hlopya/ has been purged, triggered by action: save_post 
[2025-02-22 05:08:15 : INFO] - Cache for multiple term taxonomy have been purged due to post terms update, triggered by action: set_object_terms 
[2025-02-22 05:08:15 : INFO] - Cache for multiple term taxonomy have been purged due to post terms update, triggered by action: set_object_terms 
[2025-02-22 05:08:15 : INFO] - Cache for URL: https://saridis.local/catalog/paprika-vysshej-kategorii-molotaya/ has been purged, triggered by action: save_post 
[2025-02-22 05:08:15 : INFO] - Cache for multiple term taxonomy have been purged due to post terms update, triggered by action: set_object_terms 
[2025-02-22 05:08:15 : INFO] - Cache for multiple term taxonomy have been purged due to post terms update, triggered by action: set_object_terms 
[2025-02-22 05:08:16 : INFO] - Cache for URL: https://saridis.local/catalog/priprava-koriandr-molotyj/ has been purged, triggered by action: save_post 
[2025-02-22 05:08:16 : INFO] - Cache for multiple term taxonomy have been purged due to post terms update, triggered by action: set_object_terms 
[2025-02-22 05:08:16 : INFO] - Cache for multiple term taxonomy have been purged due to post terms update, triggered by action: set_object_terms 
[2025-02-22 05:08:17 : INFO] - Cache for URL: https://saridis.local/catalog/priprava-sumah-vysshej-kategorii/ has been purged, triggered by action: save_post 
[2025-02-22 05:08:17 : INFO] - Cache for multiple term taxonomy have been purged due to post terms update, triggered by action: set_object_terms 
[2025-02-22 05:08:17 : INFO] - Cache for multiple term taxonomy have been purged due to post terms update, triggered by action: set_object_terms 
[2025-02-22 05:08:17 : INFO] - Cache for URL: https://saridis.local/catalog/priprava-myata-vysshej-kategorii-hlopya/ has been purged, triggered by action: save_post 
[2025-02-22 05:08:17 : INFO] - Cache for multiple term taxonomy have been purged due to post terms update, triggered by action: set_object_terms 
[2025-02-22 05:08:18 : INFO] - Cache for URL: https://saridis.local/catalog/kofe-naturalnyj-molotyj/ has been purged, triggered by action: save_post 
[2025-02-22 05:08:18 : INFO] - Cache for multiple term taxonomy have been purged due to post terms update, triggered by action: set_object_terms 
[2025-02-22 05:08:18 : INFO] - Cache for URL: https://saridis.local/catalog/kofe-naturalnyj-molotyj-2/ has been purged, triggered by action: save_post 
[2025-02-22 05:08:18 : INFO] - Cache for multiple term taxonomy have been purged due to post terms update, triggered by action: set_object_terms 
[2025-02-22 05:08:19 : INFO] - Cache for URL: https://saridis.local/catalog/kofe-naturalnyj-molotyj-3/ has been purged, triggered by action: save_post 
[2025-02-22 05:08:19 : INFO] - Cache for multiple term taxonomy have been purged due to post terms update, triggered by action: set_object_terms 
[2025-02-22 05:08:19 : INFO] - Cache for multiple term taxonomy have been purged due to post terms update, triggered by action: set_object_terms 
[2025-02-22 05:08:19 : INFO] - Cache for URL: https://saridis.local/catalog/kofe-naturalnyj-molotyj-mel-cafe/ has been purged, triggered by action: save_post 
[2025-02-22 05:08:19 : INFO] - Cache for multiple term taxonomy have been purged due to post terms update, triggered by action: set_object_terms 
[2025-02-22 05:08:19 : INFO] - Cache for multiple term taxonomy have been purged due to post terms update, triggered by action: set_object_terms 
[2025-02-22 05:08:20 : INFO] - Cache for URL: https://saridis.local/catalog/kofe-naturalnyj-molotyj-mel-cafe-gold/ has been purged, triggered by action: save_post 
[2025-02-22 05:08:20 : INFO] - Cache for multiple term taxonomy have been purged due to post terms update, triggered by action: set_object_terms 
[2025-02-22 05:08:20 : INFO] - Cache for multiple term taxonomy have been purged due to post terms update, triggered by action: set_object_terms 
[2025-02-22 05:08:21 : INFO] - Cache for URL: https://saridis.local/catalog/kofe-naturalnyj-molotyj-mel-cafe-2/ has been purged, triggered by action: save_post 
[2025-02-22 05:08:21 : INFO] - Cache for multiple term taxonomy have been purged due to post terms update, triggered by action: set_object_terms 
[2025-02-22 05:08:21 : INFO] - Cache for multiple term taxonomy have been purged due to post terms update, triggered by action: set_object_terms 
[2025-02-22 05:08:21 : INFO] - Cache for URL: https://saridis.local/catalog/gornyj-chaj-malotira-saridis/ has been purged, triggered by action: save_post 
[2025-02-22 05:08:21 : INFO] - Cache for multiple term taxonomy have been purged due to post terms update, triggered by action: set_object_terms 
[2025-02-22 05:08:21 : INFO] - Cache for multiple term taxonomy have been purged due to post terms update, triggered by action: set_object_terms 
[2025-02-22 05:08:22 : INFO] - Cache for URL: https://saridis.local/catalog/vafelnye-trubochki-caprice-s-shokoladym-kremom/ has been purged, triggered by action: save_post 
[2025-02-22 05:08:22 : INFO] - Cache for multiple term taxonomy have been purged due to post terms update, triggered by action: set_object_terms 
[2025-02-22 05:08:22 : INFO] - Cache for multiple term taxonomy have been purged due to post terms update, triggered by action: set_object_terms 
[2025-02-22 05:08:22 : INFO] - Cache for URL: https://saridis.local/catalog/shokoladnaya-pasta-melinda/ has been purged, triggered by action: save_post 
[2025-02-22 05:08:22 : INFO] - Cache for multiple term taxonomy have been purged due to post terms update, triggered by action: set_object_terms 
[2025-02-22 05:08:22 : INFO] - Cache for multiple term taxonomy have been purged due to post terms update, triggered by action: set_object_terms 
[2025-02-22 05:08:23 : INFO] - Cache for URL: https://saridis.local/catalog/shokoladnaya-pasta-melinda-2/ has been purged, triggered by action: save_post 
[2025-02-22 05:08:23 : INFO] - Cache for multiple term taxonomy have been purged due to post terms update, triggered by action: set_object_terms 
[2025-02-22 05:08:23 : INFO] - Cache for multiple term taxonomy have been purged due to post terms update, triggered by action: set_object_terms 
[2025-02-22 05:08:23 : INFO] - Cache for URL: https://saridis.local/catalog/makaronnye-izdeliya-spiral-ellinikos-sitos/ has been purged, triggered by action: save_post 
[2025-02-22 05:08:23 : INFO] - Cache for multiple term taxonomy have been purged due to post terms update, triggered by action: set_object_terms 
[2025-02-22 05:08:23 : INFO] - Cache for multiple term taxonomy have been purged due to post terms update, triggered by action: set_object_terms 
[2025-02-22 05:08:24 : INFO] - Cache for URL: https://saridis.local/catalog/makaronnye-izdeliya-orzo-ellinikos-sitos/ has been purged, triggered by action: save_post 
[2025-02-22 05:08:24 : INFO] - Cache for multiple term taxonomy have been purged due to post terms update, triggered by action: set_object_terms 
[2025-02-22 05:08:24 : INFO] - Cache for multiple term taxonomy have been purged due to post terms update, triggered by action: set_object_terms 
[2025-02-22 05:08:24 : INFO] - Cache for URL: https://saridis.local/catalog/makaronye-izdeliya-bucatini-%e2%84%962-ellinikos-sitos/ has been purged, triggered by action: save_post 
[2025-02-22 05:08:24 : INFO] - Cache for multiple term taxonomy have been purged due to post terms update, triggered by action: set_object_terms 
[2025-02-22 05:08:24 : INFO] - Cache for multiple term taxonomy have been purged due to post terms update, triggered by action: set_object_terms 
[2025-02-22 05:08:25 : INFO] - Cache for URL: https://saridis.local/catalog/makaronye-izdeliya-spaghettini-%e2%84%9610-ellinikos-sitos/ has been purged, triggered by action: save_post 
[2025-02-22 05:08:25 : INFO] - Cache for multiple term taxonomy have been purged due to post terms update, triggered by action: set_object_terms 
[2025-02-22 05:08:25 : INFO] - Cache for multiple term taxonomy have been purged due to post terms update, triggered by action: set_object_terms 
[2025-02-22 05:08:26 : INFO] - Cache for URL: https://saridis.local/catalog/makaronye-izdeliya-spaghettini-%e2%84%966-ellinikos-sitos/ has been purged, triggered by action: save_post 
[2025-02-22 05:08:26 : INFO] - Cache for multiple term taxonomy have been purged due to post terms update, triggered by action: set_object_terms 
[2025-02-22 05:08:26 : INFO] - Cache for multiple term taxonomy have been purged due to post terms update, triggered by action: set_object_terms 
[2025-02-22 05:08:26 : INFO] - Cache for URL: https://saridis.local/catalog/makaronye-izdeliya-spaghettini-%e2%84%966-ellinikos-sitos-iz-czelnozernovoj-muki/ has been purged, triggered by action: save_post 
[2025-02-22 05:08:26 : INFO] - Cache for multiple term taxonomy have been purged due to post terms update, triggered by action: set_object_terms 
[2025-02-22 05:08:26 : INFO] - Cache for multiple term taxonomy have been purged due to post terms update, triggered by action: set_object_terms 
[2025-02-22 05:08:27 : INFO] - Cache for URL: https://saridis.local/catalog/makaronnye-izdeliya-penne-ellinikos-sitos/ has been purged, triggered by action: save_post 
[2025-02-22 05:08:27 : INFO] - Cache for multiple term taxonomy have been purged due to post terms update, triggered by action: set_object_terms 
[2025-02-22 05:08:27 : INFO] - Cache for multiple term taxonomy have been purged due to post terms update, triggered by action: set_object_terms 
[2025-02-22 05:08:27 : INFO] - Cache for URL: https://saridis.local/catalog/makaronnye-izdeliya-ditalini-ellinikos-sitos/ has been purged, triggered by action: save_post 
[2025-02-22 05:08:27 : INFO] - Cache for multiple term taxonomy have been purged due to post terms update, triggered by action: set_object_terms 
[2025-02-22 05:08:27 : INFO] - Cache for multiple term taxonomy have been purged due to post terms update, triggered by action: set_object_terms 
[2025-02-22 05:08:28 : INFO] - Cache for URL: https://saridis.local/catalog/vyalenye-tomaty-v-rastitelnom-masle-so-specziyami/ has been purged, triggered by action: save_post 
[2025-02-22 05:08:28 : INFO] - Cache for multiple term taxonomy have been purged due to post terms update, triggered by action: set_object_terms 
[2025-02-22 05:08:28 : INFO] - Cache for multiple term taxonomy have been purged due to post terms update, triggered by action: set_object_terms 
[2025-02-22 05:08:28 : INFO] - Cache for URL: https://saridis.local/catalog/vyalenye-tomaty-v-rastitelnom-masle-so-specziyami-2/ has been purged, triggered by action: save_post 
[2025-02-22 05:08:28 : INFO] - Cache for multiple term taxonomy have been purged due to post terms update, triggered by action: set_object_terms 
[2025-02-22 05:08:28 : INFO] - Cache for multiple term taxonomy have been purged due to post terms update, triggered by action: set_object_terms 
[2025-02-22 05:08:29 : INFO] - Cache for URL: https://saridis.local/catalog/vyalenye-tomaty-v-rastitelnom-masle-so-specziyami-3/ has been purged, triggered by action: save_post 
[2025-02-22 05:08:29 : INFO] - Cache for multiple term taxonomy have been purged due to post terms update, triggered by action: set_object_terms 
[2025-02-22 05:08:29 : INFO] - Cache for multiple term taxonomy have been purged due to post terms update, triggered by action: set_object_terms 
[2025-02-22 05:08:30 : INFO] - Cache for URL: https://saridis.local/catalog/baklazhany-pechenye-v-tomatnom-souse/ has been purged, triggered by action: save_post 
[2025-02-22 05:08:30 : INFO] - Cache for multiple term taxonomy have been purged due to post terms update, triggered by action: set_object_terms 
[2025-02-22 05:08:30 : INFO] - Cache for multiple term taxonomy have been purged due to post terms update, triggered by action: set_object_terms 
[2025-02-22 05:08:30 : INFO] - Cache for URL: https://saridis.local/catalog/baklazhany-pechenye-pashtet-dlya-melidzanosalata/ has been purged, triggered by action: save_post 
[2025-02-22 05:08:30 : INFO] - Cache for multiple term taxonomy have been purged due to post terms update, triggered by action: set_object_terms 
[2025-02-22 05:08:30 : INFO] - Cache for multiple term taxonomy have been purged due to post terms update, triggered by action: set_object_terms 
[2025-02-22 05:08:31 : INFO] - Cache for URL: https://saridis.local/catalog/fasol-pechenaya-v-tomatnom-souse/ has been purged, triggered by action: save_post 
[2025-02-22 05:08:31 : INFO] - Cache for multiple term taxonomy have been purged due to post terms update, triggered by action: set_object_terms 
[2025-02-22 05:08:31 : INFO] - Cache for multiple term taxonomy have been purged due to post terms update, triggered by action: set_object_terms 
[2025-02-22 05:08:32 : INFO] - Cache for URL: https://saridis.local/catalog/fasol-pechenaya-v-tomatnom-souse-2/ has been purged, triggered by action: save_post 
[2025-02-22 05:08:32 : INFO] - Cache for multiple term taxonomy have been purged due to post terms update, triggered by action: set_object_terms 
[2025-02-22 05:08:32 : INFO] - Cache for multiple term taxonomy have been purged due to post terms update, triggered by action: set_object_terms 
[2025-02-22 05:08:32 : INFO] - Cache for URL: https://saridis.local/catalog/perecz-cherry-krasnyj-18-kg/ has been purged, triggered by action: save_post 
[2025-02-22 05:08:32 : INFO] - Cache for multiple term taxonomy have been purged due to post terms update, triggered by action: set_object_terms 
[2025-02-22 05:08:32 : INFO] - Cache for multiple term taxonomy have been purged due to post terms update, triggered by action: set_object_terms 
[2025-02-22 05:08:33 : INFO] - Cache for URL: https://saridis.local/catalog/perecz-cherry-zheltyj-18-kg/ has been purged, triggered by action: save_post 
[2025-02-22 05:08:33 : INFO] - Cache for multiple term taxonomy have been purged due to post terms update, triggered by action: set_object_terms 
[2025-02-22 05:08:33 : INFO] - Cache for multiple term taxonomy have been purged due to post terms update, triggered by action: set_object_terms 
[2025-02-22 05:08:33 : INFO] - Cache for URL: https://saridis.local/catalog/perecz-cherry-zelenyj-18-kg/ has been purged, triggered by action: save_post 
[2025-02-22 05:08:33 : INFO] - Cache for multiple term taxonomy have been purged due to post terms update, triggered by action: set_object_terms 
[2025-02-22 05:08:33 : INFO] - Cache for multiple term taxonomy have been purged due to post terms update, triggered by action: set_object_terms 
[2025-02-22 05:08:34 : INFO] - Cache for URL: https://saridis.local/catalog/perecz-zolotistyj-marinovanyj-makedoniko-25-kg/ has been purged, triggered by action: save_post 
[2025-02-22 05:08:34 : INFO] - Cache for multiple term taxonomy have been purged due to post terms update, triggered by action: set_object_terms 
[2025-02-22 05:08:34 : INFO] - Cache for multiple term taxonomy have been purged due to post terms update, triggered by action: set_object_terms 
[2025-02-22 05:08:34 : INFO] - Cache for URL: https://saridis.local/catalog/perecz-zolotistyj-marinovanyj-makedoniko-7-kg/ has been purged, triggered by action: save_post 
[2025-02-22 05:08:34 : INFO] - Cache for multiple term taxonomy have been purged due to post terms update, triggered by action: set_object_terms 
[2025-02-22 05:08:34 : INFO] - Cache for multiple term taxonomy have been purged due to post terms update, triggered by action: set_object_terms 
[2025-02-22 05:08:35 : INFO] - Cache for URL: https://saridis.local/catalog/perecz-zolotistyj-marinovanyj-makedoniko/ has been purged, triggered by action: save_post 
[2025-02-22 05:08:35 : INFO] - Cache for multiple term taxonomy have been purged due to post terms update, triggered by action: set_object_terms 
[2025-02-22 05:08:35 : INFO] - Cache for multiple term taxonomy have been purged due to post terms update, triggered by action: set_object_terms 
[2025-02-22 05:08:36 : INFO] - Cache for URL: https://saridis.local/catalog/perecz-zapechennyj-krasnyj-buono-350-gr/ has been purged, triggered by action: save_post 
[2025-02-22 05:08:36 : INFO] - Cache for multiple term taxonomy have been purged due to post terms update, triggered by action: set_object_terms 
[2025-02-22 05:08:36 : INFO] - Cache for multiple term taxonomy have been purged due to post terms update, triggered by action: set_object_terms 
[2025-02-22 05:08:36 : INFO] - Cache for URL: https://saridis.local/catalog/perecz-zapechennyj-krasnyj-i-zheltyj-buono-350-gr-st-b/ has been purged, triggered by action: save_post 
[2025-02-22 05:08:36 : INFO] - Cache for multiple term taxonomy have been purged due to post terms update, triggered by action: set_object_terms 
[2025-02-22 05:08:36 : INFO] - Cache for multiple term taxonomy have been purged due to post terms update, triggered by action: set_object_terms 
[2025-02-22 05:08:37 : INFO] - Cache for URL: https://saridis.local/catalog/masliny-s-kostochkoj-v-rassole-atlas-70-90/ has been purged, triggered by action: save_post 
[2025-02-22 05:08:37 : INFO] - Cache for multiple term taxonomy have been purged due to post terms update, triggered by action: set_object_terms 
[2025-02-22 05:08:37 : INFO] - Cache for multiple term taxonomy have been purged due to post terms update, triggered by action: set_object_terms 
[2025-02-22 05:08:37 : INFO] - Cache for URL: https://saridis.local/catalog/masliny-s-kostochkoj-v-rassole-super-mammouth-91-100/ has been purged, triggered by action: save_post 
[2025-02-22 05:08:37 : INFO] - Cache for multiple term taxonomy have been purged due to post terms update, triggered by action: set_object_terms 
[2025-02-22 05:08:37 : INFO] - Cache for multiple term taxonomy have been purged due to post terms update, triggered by action: set_object_terms 
[2025-02-22 05:08:38 : INFO] - Cache for URL: https://saridis.local/catalog/masliny-s-kostochkoj-v-rassole-super-mammouth-101-110/ has been purged, triggered by action: save_post 
[2025-02-22 05:08:38 : INFO] - Cache for multiple term taxonomy have been purged due to post terms update, triggered by action: set_object_terms 
[2025-02-22 05:08:38 : INFO] - Cache for multiple term taxonomy have been purged due to post terms update, triggered by action: set_object_terms 
[2025-02-22 05:08:39 : INFO] - Cache for URL: https://saridis.local/catalog/masliny-s-kostochkoj-v-rassole-super-mammouth-111-120/ has been purged, triggered by action: save_post 
[2025-02-22 05:08:39 : INFO] - Cache for multiple term taxonomy have been purged due to post terms update, triggered by action: set_object_terms 
[2025-02-22 05:08:39 : INFO] - Cache for multiple term taxonomy have been purged due to post terms update, triggered by action: set_object_terms 
[2025-02-22 05:08:39 : INFO] - Cache for URL: https://saridis.local/catalog/masliny-s-kostochkoj-v-rassole-super-mammouth-101-110-2/ has been purged, triggered by action: save_post 
[2025-02-22 05:08:39 : INFO] - Cache for multiple term taxonomy have been purged due to post terms update, triggered by action: set_object_terms 
[2025-02-22 05:08:39 : INFO] - Cache for multiple term taxonomy have been purged due to post terms update, triggered by action: set_object_terms 
[2025-02-22 05:08:40 : INFO] - Cache for URL: https://saridis.local/catalog/masliny-bez-kostochek-v-rassole-superior-101-110/ has been purged, triggered by action: save_post 
[2025-02-22 05:08:40 : INFO] - Cache for multiple term taxonomy have been purged due to post terms update, triggered by action: set_object_terms 
[2025-02-22 05:08:40 : INFO] - Cache for multiple term taxonomy have been purged due to post terms update, triggered by action: set_object_terms 
[2025-02-22 05:08:40 : INFO] - Cache for URL: https://saridis.local/catalog/olivki-s-kostochkoj-v-rassole-atlas-71-90/ has been purged, triggered by action: save_post 
[2025-02-22 05:08:40 : INFO] - Cache for multiple term taxonomy have been purged due to post terms update, triggered by action: set_object_terms 
[2025-02-22 05:08:40 : INFO] - Cache for multiple term taxonomy have been purged due to post terms update, triggered by action: set_object_terms 
[2025-02-22 05:08:41 : INFO] - Cache for URL: https://saridis.local/catalog/olivki-s-kostochkoj-v-rassole-atlas-101-110/ has been purged, triggered by action: save_post 
[2025-02-22 05:08:41 : INFO] - Cache for multiple term taxonomy have been purged due to post terms update, triggered by action: set_object_terms 
[2025-02-22 05:08:41 : INFO] - Cache for multiple term taxonomy have been purged due to post terms update, triggered by action: set_object_terms 
[2025-02-22 05:08:41 : INFO] - Cache for URL: https://saridis.local/catalog/olivki-bez-kostochek-v-rassole-superior-70-91/ has been purged, triggered by action: save_post 
[2025-02-22 05:08:41 : INFO] - Cache for multiple term taxonomy have been purged due to post terms update, triggered by action: set_object_terms 
[2025-02-22 05:08:41 : INFO] - Cache for multiple term taxonomy have been purged due to post terms update, triggered by action: set_object_terms 
[2025-02-22 05:08:42 : INFO] - Cache for URL: https://saridis.local/catalog/olivki-bez-kostochek-v-rassole-superior-101-110/ has been purged, triggered by action: save_post 
[2025-02-22 05:08:42 : INFO] - Cache for multiple term taxonomy have been purged due to post terms update, triggered by action: set_object_terms 
[2025-02-22 05:08:42 : INFO] - Cache for multiple term taxonomy have been purged due to post terms update, triggered by action: set_object_terms 
[2025-02-22 05:08:42 : INFO] - Cache for URL: https://saridis.local/catalog/olivki-kalamon-s-kostochkoj-v-rassole-extra-jumbo-161-180/ has been purged, triggered by action: save_post 
[2025-02-22 05:08:42 : INFO] - Cache for multiple term taxonomy have been purged due to post terms update, triggered by action: set_object_terms 
[2025-02-22 05:08:42 : INFO] - Cache for multiple term taxonomy have been purged due to post terms update, triggered by action: set_object_terms 
[2025-02-22 05:08:43 : INFO] - Cache for URL: https://saridis.local/catalog/masliny-s-kostochkoj-v-rassole-atlas-70-90-2/ has been purged, triggered by action: save_post 
[2025-02-22 05:08:43 : INFO] - Cache for multiple term taxonomy have been purged due to post terms update, triggered by action: set_object_terms 
[2025-02-22 05:08:43 : INFO] - Cache for multiple term taxonomy have been purged due to post terms update, triggered by action: set_object_terms 
[2025-02-22 05:08:44 : INFO] - Cache for URL: https://saridis.local/catalog/masliny-s-kostochkami-v-rassole-super-mammouth-91-100/ has been purged, triggered by action: save_post 
[2025-02-22 05:08:44 : INFO] - Cache for multiple term taxonomy have been purged due to post terms update, triggered by action: set_object_terms 
[2025-02-22 05:08:44 : INFO] - Cache for multiple term taxonomy have been purged due to post terms update, triggered by action: set_object_terms 
[2025-02-22 05:08:44 : INFO] - Cache for URL: https://saridis.local/catalog/olivki-bez-kostochek-v-rassole-superior-70-91-2/ has been purged, triggered by action: save_post 
[2025-02-22 05:08:44 : INFO] - Cache for multiple term taxonomy have been purged due to post terms update, triggered by action: set_object_terms 
[2025-02-22 05:08:44 : INFO] - Cache for multiple term taxonomy have been purged due to post terms update, triggered by action: set_object_terms 
[2025-02-22 05:08:45 : INFO] - Cache for URL: https://saridis.local/catalog/olivki-s-kostochkoj-v-rassole-atlas-71-90-2/ has been purged, triggered by action: save_post 
[2025-02-22 05:08:45 : INFO] - Cache for multiple term taxonomy have been purged due to post terms update, triggered by action: set_object_terms 
[2025-02-22 05:08:45 : INFO] - Cache for multiple term taxonomy have been purged due to post terms update, triggered by action: set_object_terms 
[2025-02-22 05:08:45 : INFO] - Cache for URL: https://saridis.local/catalog/olivki-s-kostochkoj-v-rassole-atlas-91-100/ has been purged, triggered by action: save_post 
[2025-02-22 05:08:45 : INFO] - Cache for multiple term taxonomy have been purged due to post terms update, triggered by action: set_object_terms 
[2025-02-22 05:08:45 : INFO] - Cache for multiple term taxonomy have been purged due to post terms update, triggered by action: set_object_terms 
[2025-02-22 05:08:46 : INFO] - Cache for URL: https://saridis.local/catalog/olivki-s-mindalem-v-rassole/ has been purged, triggered by action: save_post 
[2025-02-22 05:08:46 : INFO] - Cache for multiple term taxonomy have been purged due to post terms update, triggered by action: set_object_terms 
[2025-02-22 05:08:46 : INFO] - Cache for multiple term taxonomy have been purged due to post terms update, triggered by action: set_object_terms 
[2025-02-22 05:08:46 : INFO] - Cache for URL: https://saridis.local/catalog/olivki-kalamon-s-kostochkoj-v-rassole-extra-jumbo-161-180-2/ has been purged, triggered by action: save_post 
[2025-02-22 05:08:46 : INFO] - Cache for multiple term taxonomy have been purged due to post terms update, triggered by action: set_object_terms 
[2025-02-22 05:08:46 : INFO] - Cache for multiple term taxonomy have been purged due to post terms update, triggered by action: set_object_terms 
[2025-02-22 05:08:47 : INFO] - Cache for URL: https://saridis.local/catalog/olivki-kalamon-s-kostochkoj-v-rassole-jumbo-181-200/ has been purged, triggered by action: save_post 
[2025-02-22 05:08:47 : INFO] - Cache for multiple term taxonomy have been purged due to post terms update, triggered by action: set_object_terms 
[2025-02-22 05:08:47 : INFO] - Cache for multiple term taxonomy have been purged due to post terms update, triggered by action: set_object_terms 
[2025-02-22 05:08:47 : INFO] - Cache for URL: https://saridis.local/catalog/olivki-kalamon-bez-kostochki-v-rassole-jumbo-181-201/ has been purged, triggered by action: save_post 
[2025-02-22 05:08:47 : INFO] - Cache for multiple term taxonomy have been purged due to post terms update, triggered by action: set_object_terms 
[2025-02-22 05:08:47 : INFO] - Cache for multiple term taxonomy have been purged due to post terms update, triggered by action: set_object_terms 
[2025-02-22 05:08:48 : INFO] - Cache for URL: https://saridis.local/catalog/masliny-s-kostochkoj-70-90/ has been purged, triggered by action: save_post 
[2025-02-22 05:08:48 : INFO] - Cache for multiple term taxonomy have been purged due to post terms update, triggered by action: set_object_terms 
[2025-02-22 05:08:48 : INFO] - Cache for multiple term taxonomy have been purged due to post terms update, triggered by action: set_object_terms 
[2025-02-22 05:08:48 : INFO] - Cache for URL: https://saridis.local/catalog/masliny-bez-kostochek-v-rassole-superior-111-120/ has been purged, triggered by action: save_post 
[2025-02-22 05:08:48 : INFO] - Cache for multiple term taxonomy have been purged due to post terms update, triggered by action: set_object_terms 
[2025-02-22 05:08:48 : INFO] - Cache for multiple term taxonomy have been purged due to post terms update, triggered by action: set_object_terms 
[2025-02-22 05:08:49 : INFO] - Cache for URL: https://saridis.local/catalog/olivki-s-kostochkoj-101-110/ has been purged, triggered by action: save_post 
[2025-02-22 05:08:49 : INFO] - Cache for multiple term taxonomy have been purged due to post terms update, triggered by action: set_object_terms 
[2025-02-22 05:08:49 : INFO] - Cache for multiple term taxonomy have been purged due to post terms update, triggered by action: set_object_terms 
[2025-02-22 05:08:49 : INFO] - Cache for URL: https://saridis.local/catalog/olivki-bez-kostochek-v-rassole-mammouth-111-120/ has been purged, triggered by action: save_post 
[2025-02-22 05:08:49 : INFO] - Cache for multiple term taxonomy have been purged due to post terms update, triggered by action: set_object_terms 
[2025-02-22 05:08:49 : INFO] - Cache for multiple term taxonomy have been purged due to post terms update, triggered by action: set_object_terms 
[2025-02-22 05:08:50 : INFO] - Cache for URL: https://saridis.local/catalog/olivki-kalamata-s-kostochkoj-v-rassole-jumbo-181-200/ has been purged, triggered by action: save_post 
[2025-02-22 05:08:50 : INFO] - Cache for multiple term taxonomy have been purged due to post terms update, triggered by action: set_object_terms 
[2025-02-22 05:08:50 : INFO] - Cache for multiple term taxonomy have been purged due to post terms update, triggered by action: set_object_terms 
[2025-02-22 05:08:55 : INFO] - Cache for URL: https://saridis.local/catalog/olivki-zelenye-s-kostochkami-s-mammouth-91-100/ has been purged, triggered by action: save_post 
[2025-02-22 05:08:55 : INFO] - Cache for multiple term taxonomy have been purged due to post terms update, triggered by action: set_object_terms 
[2025-02-22 05:08:55 : INFO] - Cache for multiple term taxonomy have been purged due to post terms update, triggered by action: set_object_terms 
[2025-02-22 05:08:56 : INFO] - Cache for URL: https://saridis.local/catalog/olivki-zelenye-bez-kostocheks-mammouth-91-100/ has been purged, triggered by action: save_post 
[2025-02-22 05:08:56 : INFO] - Cache for multiple term taxonomy have been purged due to post terms update, triggered by action: set_object_terms 
[2025-02-22 05:08:56 : INFO] - Cache for multiple term taxonomy have been purged due to post terms update, triggered by action: set_object_terms 
[2025-02-22 05:08:56 : INFO] - Cache for URL: https://saridis.local/catalog/masliny-s-kostochkoj-s-mammouth-91-100/ has been purged, triggered by action: save_post 
[2025-02-22 05:08:56 : INFO] - Cache for multiple term taxonomy have been purged due to post terms update, triggered by action: set_object_terms 
[2025-02-22 05:08:56 : INFO] - Cache for multiple term taxonomy have been purged due to post terms update, triggered by action: set_object_terms 
[2025-02-22 05:08:57 : INFO] - Cache for URL: https://saridis.local/catalog/masliny-bez-kostochek-s-mammouth-91-100/ has been purged, triggered by action: save_post 
[2025-02-22 05:08:57 : INFO] - Cache for multiple term taxonomy have been purged due to post terms update, triggered by action: set_object_terms 
[2025-02-22 05:08:57 : INFO] - Cache for multiple term taxonomy have been purged due to post terms update, triggered by action: set_object_terms 
[2025-02-22 05:08:57 : INFO] - Cache for URL: https://saridis.local/catalog/olivki-vyalenye-throumba-thassos/ has been purged, triggered by action: save_post 
[2025-02-22 05:08:57 : INFO] - Cache for multiple term taxonomy have been purged due to post terms update, triggered by action: set_object_terms 
[2025-02-22 05:08:57 : INFO] - Cache for multiple term taxonomy have been purged due to post terms update, triggered by action: set_object_terms 
[2025-02-22 05:08:58 : INFO] - Cache for URL: https://saridis.local/catalog/olivki-vyalenye-throumba-thassos-2/ has been purged, triggered by action: save_post 
[2025-02-22 05:08:58 : INFO] - Cache for multiple term taxonomy have been purged due to post terms update, triggered by action: set_object_terms 
[2025-02-22 05:08:58 : INFO] - Cache for multiple term taxonomy have been purged due to post terms update, triggered by action: set_object_terms 
[2025-02-22 05:08:58 : INFO] - Cache for URL: https://saridis.local/catalog/olivki-zelenye-i-olivki-kalamata-s-kostochkoj-mix/ has been purged, triggered by action: save_post 
[2025-02-22 05:08:58 : INFO] - Cache for multiple term taxonomy have been purged due to post terms update, triggered by action: set_object_terms 
[2025-02-22 05:08:58 : INFO] - Cache for multiple term taxonomy have been purged due to post terms update, triggered by action: set_object_terms 
[2025-02-22 05:08:59 : INFO] - Cache for URL: https://saridis.local/catalog/olivki-zelenye-i-olivki-kalamata-s-kostochkoj-mix-2/ has been purged, triggered by action: save_post 
[2025-02-22 05:08:59 : INFO] - Cache for multiple term taxonomy have been purged due to post terms update, triggered by action: set_object_terms 
[2025-02-22 05:08:59 : INFO] - Cache for multiple term taxonomy have been purged due to post terms update, triggered by action: set_object_terms 
[2025-02-22 05:08:59 : INFO] - Cache for URL: https://saridis.local/catalog/maslo-kukuruznoe/ has been purged, triggered by action: save_post 
[2025-02-22 05:09:00 : INFO] - Cache for multiple term taxonomy have been purged due to post terms update, triggered by action: set_object_terms 
[2025-02-22 05:09:00 : INFO] - Cache for multiple term taxonomy have been purged due to post terms update, triggered by action: set_object_terms 
[2025-02-22 05:09:00 : INFO] - Cache for URL: https://saridis.local/catalog/ketchup-bez-sahara-condito-pl-but/ has been purged, triggered by action: save_post 
[2025-02-22 05:09:00 : INFO] - Cache for multiple term taxonomy have been purged due to post terms update, triggered by action: set_object_terms 
[2025-02-22 05:09:00 : INFO] - Cache for multiple term taxonomy have been purged due to post terms update, triggered by action: set_object_terms 
[2025-02-22 05:09:01 : INFO] - Cache for URL: https://saridis.local/catalog/ketchup-so-steviej-condito-pl-but/ has been purged, triggered by action: save_post 
[2025-02-22 05:09:01 : INFO] - Cache for multiple term taxonomy have been purged due to post terms update, triggered by action: set_object_terms 
[2025-02-22 05:09:01 : INFO] - Cache for multiple term taxonomy have been purged due to post terms update, triggered by action: set_object_terms 
[2025-02-22 05:09:01 : INFO] - Cache for URL: https://saridis.local/catalog/gorchicza-myagkaya-mustard-42kg-soft/ has been purged, triggered by action: save_post 
[2025-02-22 05:09:01 : INFO] - Cache for multiple term taxonomy have been purged due to post terms update, triggered by action: set_object_terms 
[2025-02-22 05:09:02 : INFO] - Cache for multiple term taxonomy have been purged due to post terms update, triggered by action: set_object_terms 
[2025-02-22 05:09:02 : INFO] - Cache for URL: https://saridis.local/catalog/gorchicza-myagkaya-mustard-45kg-soft/ has been purged, triggered by action: save_post 
[2025-02-22 05:09:02 : INFO] - Cache for multiple term taxonomy have been purged due to post terms update, triggered by action: set_object_terms 
[2025-02-22 05:09:02 : INFO] - Cache for multiple term taxonomy have been purged due to post terms update, triggered by action: set_object_terms 
[2025-02-22 05:09:03 : INFO] - Cache for URL: https://saridis.local/catalog/balzamicheskij-sous-klassicheskij/ has been purged, triggered by action: save_post 
[2025-02-22 05:09:03 : INFO] - Cache for multiple term taxonomy have been purged due to post terms update, triggered by action: set_object_terms 
[2025-02-22 05:09:03 : INFO] - Cache for multiple term taxonomy have been purged due to post terms update, triggered by action: set_object_terms 
[2025-02-22 05:09:03 : INFO] - Cache for URL: https://saridis.local/catalog/belyj-balzamicheskij-sous/ has been purged, triggered by action: save_post 
[2025-02-22 05:09:03 : INFO] - Cache for multiple term taxonomy have been purged due to post terms update, triggered by action: set_object_terms 
[2025-02-22 05:09:03 : INFO] - Cache for multiple term taxonomy have been purged due to post terms update, triggered by action: set_object_terms 
[2025-02-22 05:09:04 : INFO] - Cache for URL: https://saridis.local/catalog/sous-balzamicheskij-s-inzhirom/ has been purged, triggered by action: save_post 
[2025-02-22 05:09:04 : INFO] - Cache for multiple term taxonomy have been purged due to post terms update, triggered by action: set_object_terms 
[2025-02-22 05:09:04 : INFO] - Cache for multiple term taxonomy have been purged due to post terms update, triggered by action: set_object_terms 
[2025-02-22 05:09:05 : INFO] - Cache for URL: https://saridis.local/catalog/balzamicheskij-sous-s-klubnikoj/ has been purged, triggered by action: save_post 
[2025-02-22 05:09:05 : INFO] - Cache for multiple term taxonomy have been purged due to post terms update, triggered by action: set_object_terms 
[2025-02-22 05:09:05 : INFO] - Cache for multiple term taxonomy have been purged due to post terms update, triggered by action: set_object_terms 
[2025-02-22 05:09:05 : INFO] - Cache for URL: https://saridis.local/catalog/sous-balzamicheskij-s-apelsinom/ has been purged, triggered by action: save_post 
[2025-02-22 05:09:05 : INFO] - Cache for multiple term taxonomy have been purged due to post terms update, triggered by action: set_object_terms 
[2025-02-22 05:09:05 : INFO] - Cache for multiple term taxonomy have been purged due to post terms update, triggered by action: set_object_terms 
[2025-02-22 05:09:06 : INFO] - Cache for URL: https://saridis.local/catalog/balzamicheskij-sous-s-granatom/ has been purged, triggered by action: save_post 
[2025-02-22 05:09:06 : INFO] - Cache for multiple term taxonomy have been purged due to post terms update, triggered by action: set_object_terms 
[2025-02-22 05:09:06 : INFO] - Cache for multiple term taxonomy have been purged due to post terms update, triggered by action: set_object_terms 
[2025-02-22 05:09:07 : INFO] - Cache for URL: https://saridis.local/catalog/balzamicheskij-sous-barbekyu/ has been purged, triggered by action: save_post 
[2025-02-22 05:09:07 : INFO] - Cache for multiple term taxonomy have been purged due to post terms update, triggered by action: set_object_terms 
[2025-02-22 05:09:07 : INFO] - Cache for multiple term taxonomy have been purged due to post terms update, triggered by action: set_object_terms 
[2025-02-22 05:09:07 : INFO] - Cache for URL: https://saridis.local/catalog/balzamicheskij-sous-s-lesnymi-yagodami/ has been purged, triggered by action: save_post 
[2025-02-22 05:09:07 : INFO] - Cache for multiple term taxonomy have been purged due to post terms update, triggered by action: set_object_terms 
[2025-02-22 05:09:07 : INFO] - Cache for multiple term taxonomy have been purged due to post terms update, triggered by action: set_object_terms 
[2025-02-22 05:09:08 : INFO] - Cache for URL: https://saridis.local/catalog/balzamicheskij-sous-chili/ has been purged, triggered by action: save_post 
[2025-02-22 05:09:08 : INFO] - Cache for multiple term taxonomy have been purged due to post terms update, triggered by action: set_object_terms 
[2025-02-22 05:09:08 : INFO] - Cache for multiple term taxonomy have been purged due to post terms update, triggered by action: set_object_terms 
[2025-02-22 05:09:08 : INFO] - Cache for URL: https://saridis.local/catalog/balzamicheskij-sous-s-vishnej/ has been purged, triggered by action: save_post 
[2025-02-22 05:09:08 : INFO] - Cache for multiple term taxonomy have been purged due to post terms update, triggered by action: set_object_terms 
[2025-02-22 05:09:08 : INFO] - Cache for multiple term taxonomy have been purged due to post terms update, triggered by action: set_object_terms 
[2025-02-22 05:09:09 : INFO] - Cache for URL: https://saridis.local/catalog/balzamicheskij-sous-s-limonom/ has been purged, triggered by action: save_post 
[2025-02-22 05:09:09 : INFO] - Cache for multiple term taxonomy have been purged due to post terms update, triggered by action: set_object_terms 
[2025-02-22 05:09:09 : INFO] - Cache for multiple term taxonomy have been purged due to post terms update, triggered by action: set_object_terms 
[2025-02-22 05:09:09 : INFO] - Cache for URL: https://saridis.local/catalog/balzamicheskij-sous-s-medom/ has been purged, triggered by action: save_post 
[2025-02-22 05:09:09 : INFO] - Cache for multiple term taxonomy have been purged due to post terms update, triggered by action: set_object_terms 
[2025-02-22 05:09:09 : INFO] - Cache for multiple term taxonomy have been purged due to post terms update, triggered by action: set_object_terms 
[2025-02-22 05:09:10 : INFO] - Cache for URL: https://saridis.local/catalog/balzamicheskij-sous-s-soevym-sousom/ has been purged, triggered by action: save_post 
[2025-02-22 05:09:10 : INFO] - Cache for multiple term taxonomy have been purged due to post terms update, triggered by action: set_object_terms 
[2025-02-22 05:09:10 : INFO] - Cache for multiple term taxonomy have been purged due to post terms update, triggered by action: set_object_terms 
[2025-02-22 05:09:10 : INFO] - Cache for URL: https://saridis.local/catalog/sous-balzamicheskij-s-granatom-bez-sahara/ has been purged, triggered by action: save_post 
[2025-02-22 05:09:11 : INFO] - Cache for multiple term taxonomy have been purged due to post terms update, triggered by action: set_object_terms 
[2025-02-22 05:09:11 : INFO] - Cache for multiple term taxonomy have been purged due to post terms update, triggered by action: set_object_terms 
[2025-02-22 05:09:11 : INFO] - Cache for URL: https://saridis.local/catalog/uksus-vinnyj-krasnyj/ has been purged, triggered by action: save_post 
[2025-02-22 05:09:11 : INFO] - Cache for multiple term taxonomy have been purged due to post terms update, triggered by action: set_object_terms 
[2025-02-22 05:09:11 : INFO] - Cache for multiple term taxonomy have been purged due to post terms update, triggered by action: set_object_terms 
[2025-02-22 05:09:16 : INFO] - Cache for URL: https://saridis.local/catalog/uksus-yablochnyj/ has been purged, triggered by action: save_post 
[2025-02-22 05:09:16 : INFO] - Cache for multiple term taxonomy have been purged due to post terms update, triggered by action: set_object_terms 
[2025-02-22 05:09:16 : INFO] - Cache for multiple term taxonomy have been purged due to post terms update, triggered by action: set_object_terms 
[2025-02-22 05:09:17 : INFO] - Cache for URL: https://saridis.local/catalog/sok-limonyj-konczentrat/ has been purged, triggered by action: save_post 
[2025-02-22 05:09:17 : INFO] - Cache for multiple term taxonomy have been purged due to post terms update, triggered by action: set_object_terms 
[2025-02-22 05:09:17 : INFO] - Cache for multiple term taxonomy have been purged due to post terms update, triggered by action: set_object_terms 
[2025-02-22 05:09:17 : INFO] - Cache for URL: https://saridis.local/catalog/olivkovoe-maslo-extra-virgin-latzimas-gold-pdo/ has been purged, triggered by action: save_post 
[2025-02-22 05:09:17 : INFO] - Cache for multiple term taxonomy have been purged due to post terms update, triggered by action: set_object_terms 
[2025-02-22 05:09:17 : INFO] - Cache for multiple term taxonomy have been purged due to post terms update, triggered by action: set_object_terms 
[2025-02-22 05:09:18 : INFO] - Cache for URL: https://saridis.local/catalog/olivkovoe-maslo-extra-virgin-latzimas-gold-pdo-2/ has been purged, triggered by action: save_post 
[2025-02-22 05:09:18 : INFO] - Cache for multiple term taxonomy have been purged due to post terms update, triggered by action: set_object_terms 
[2025-02-22 05:09:18 : INFO] - Cache for multiple term taxonomy have been purged due to post terms update, triggered by action: set_object_terms 
[2025-02-22 05:09:18 : INFO] - Cache for URL: https://saridis.local/catalog/olivkovoe-maslo-extra-virgin-latzimas-pdo/ has been purged, triggered by action: save_post 
[2025-02-22 05:09:18 : INFO] - Cache for multiple term taxonomy have been purged due to post terms update, triggered by action: set_object_terms 
[2025-02-22 05:09:19 : INFO] - Cache for URL: https://saridis.local/catalog/olivkovoe-maslo-extra-virgin-latzimas-pdo-2/ has been purged, triggered by action: save_post 
[2025-02-22 05:09:19 : INFO] - Cache for multiple term taxonomy have been purged due to post terms update, triggered by action: set_object_terms 
[2025-02-22 05:09:19 : INFO] - Cache for multiple term taxonomy have been purged due to post terms update, triggered by action: set_object_terms 
[2025-02-22 05:09:19 : INFO] - Cache for URL: https://saridis.local/catalog/olivkovoe-maslo-extra-virgin-latzimas-gold-pdo-3/ has been purged, triggered by action: save_post 
[2025-02-22 05:09:19 : INFO] - Cache for multiple term taxonomy have been purged due to post terms update, triggered by action: set_object_terms 
[2025-02-22 05:09:19 : INFO] - Cache for multiple term taxonomy have been purged due to post terms update, triggered by action: set_object_terms 
[2025-02-22 05:09:20 : INFO] - Cache for URL: https://saridis.local/catalog/olivkovoe-maslo-extra-virgin-kalamata-estate-pdo/ has been purged, triggered by action: save_post 
[2025-02-22 05:09:20 : INFO] - Cache for multiple term taxonomy have been purged due to post terms update, triggered by action: set_object_terms 
[2025-02-22 05:09:20 : INFO] - Cache for multiple term taxonomy have been purged due to post terms update, triggered by action: set_object_terms 
[2025-02-22 05:09:20 : INFO] - Cache for URL: https://saridis.local/catalog/olivkovoe-maslo-extra-virgin-kalamata-estate-pdo-2/ has been purged, triggered by action: save_post 
[2025-02-22 05:09:20 : INFO] - Cache for multiple term taxonomy have been purged due to post terms update, triggered by action: set_object_terms 
[2025-02-22 05:09:20 : INFO] - Cache for multiple term taxonomy have been purged due to post terms update, triggered by action: set_object_terms 
[2025-02-22 05:09:21 : INFO] - Cache for URL: https://saridis.local/catalog/olivkovoe-maslo-extra-virgin-kalamata-estate-pdo-3/ has been purged, triggered by action: save_post 
[2025-02-22 05:09:21 : INFO] - Cache for multiple term taxonomy have been purged due to post terms update, triggered by action: set_object_terms 
[2025-02-22 05:09:21 : INFO] - Cache for multiple term taxonomy have been purged due to post terms update, triggered by action: set_object_terms 
[2025-02-22 05:09:22 : INFO] - Cache for URL: https://saridis.local/catalog/olivkovoe-maslo-extra-virgin-kalamata-estate-pdo-4/ has been purged, triggered by action: save_post 
[2025-02-22 05:09:22 : INFO] - Cache for multiple term taxonomy have been purged due to post terms update, triggered by action: set_object_terms 
[2025-02-22 05:09:22 : INFO] - Cache for multiple term taxonomy have been purged due to post terms update, triggered by action: set_object_terms 
[2025-02-22 05:09:22 : INFO] - Cache for URL: https://saridis.local/catalog/olivkovoe-maslo-extra-virgin-saridis-1-l-pdo/ has been purged, triggered by action: save_post 
[2025-02-22 05:09:22 : INFO] - Cache for multiple term taxonomy have been purged due to post terms update, triggered by action: set_object_terms 
[2025-02-22 05:09:22 : INFO] - Cache for multiple term taxonomy have been purged due to post terms update, triggered by action: set_object_terms 
[2025-02-22 05:09:27 : INFO] - Cache for URL: https://saridis.local/catalog/olivkovoe-maslo-extra-virgin-saridis-1-l-pdo-2/ has been purged, triggered by action: save_post 
[2025-02-22 05:09:27 : INFO] - Cache for multiple term taxonomy have been purged due to post terms update, triggered by action: set_object_terms 
[2025-02-22 05:09:27 : INFO] - Cache for multiple term taxonomy have been purged due to post terms update, triggered by action: set_object_terms 
[2025-02-22 05:09:28 : INFO] - Cache for URL: https://saridis.local/catalog/olivkovoe-maslo-extra-virgin-saridis-1-l-pdo-3/ has been purged, triggered by action: save_post 
[2025-02-22 05:09:28 : INFO] - Cache for multiple term taxonomy have been purged due to post terms update, triggered by action: set_object_terms 
[2025-02-22 05:09:28 : INFO] - Cache for multiple term taxonomy have been purged due to post terms update, triggered by action: set_object_terms 
[2025-02-22 05:09:28 : INFO] - Cache for URL: https://saridis.local/catalog/olivkovoe-maslo-extra-virgin-sitia-of-gold-pdo/ has been purged, triggered by action: save_post 
[2025-02-22 05:09:28 : INFO] - Cache for multiple term taxonomy have been purged due to post terms update, triggered by action: set_object_terms 
[2025-02-22 05:09:28 : INFO] - Cache for multiple term taxonomy have been purged due to post terms update, triggered by action: set_object_terms 
[2025-02-22 05:09:29 : INFO] - Cache for URL: https://saridis.local/catalog/olivkovoe-maslo-extra-virgin-sitia-of-gold-pdo-2/ has been purged, triggered by action: save_post 
[2025-02-22 05:09:29 : INFO] - Cache for multiple term taxonomy have been purged due to post terms update, triggered by action: set_object_terms 
[2025-02-22 05:09:29 : INFO] - Cache for multiple term taxonomy have been purged due to post terms update, triggered by action: set_object_terms 
[2025-02-22 05:09:29 : INFO] - Cache for URL: https://saridis.local/catalog/olivkovoe-maslo-extra-virgin-sitia-of-gold-pdo-3/ has been purged, triggered by action: save_post 
[2025-02-22 05:09:29 : INFO] - Cache for multiple term taxonomy have been purged due to post terms update, triggered by action: set_object_terms 
[2025-02-22 05:09:29 : INFO] - Cache for multiple term taxonomy have been purged due to post terms update, triggered by action: set_object_terms 
[2025-02-22 05:09:30 : INFO] - Cache for URL: https://saridis.local/catalog/olivkovoe-maslo-extra-virgin-sitia-of-gold-pdo-4/ has been purged, triggered by action: save_post 
[2025-02-22 05:09:30 : INFO] - Cache for multiple term taxonomy have been purged due to post terms update, triggered by action: set_object_terms 
[2025-02-22 05:09:30 : INFO] - Cache for multiple term taxonomy have been purged due to post terms update, triggered by action: set_object_terms 
[2025-02-22 05:09:31 : INFO] - Cache for URL: https://saridis.local/catalog/olivkovoe-maslo-extra-virgin-mylopotamos-pdo/ has been purged, triggered by action: save_post 
[2025-02-22 05:09:31 : INFO] - Cache for multiple term taxonomy have been purged due to post terms update, triggered by action: set_object_terms 
[2025-02-22 05:09:31 : INFO] - Cache for multiple term taxonomy have been purged due to post terms update, triggered by action: set_object_terms 
[2025-02-22 05:09:31 : INFO] - Cache for URL: https://saridis.local/catalog/maslo-olivkovoe-pomace-saridis/ has been purged, triggered by action: save_post 
[2025-02-22 05:09:31 : INFO] - Cache for multiple term taxonomy have been purged due to post terms update, triggered by action: set_object_terms 
[2025-02-22 05:09:31 : INFO] - Cache for multiple term taxonomy have been purged due to post terms update, triggered by action: set_object_terms 
[2025-02-22 05:09:32 : INFO] - Cache for URL: https://saridis.local/catalog/maslo-olivkovoe-pomace-saridis-2/ has been purged, triggered by action: save_post 
[2025-02-22 05:09:32 : INFO] - Cache for multiple term taxonomy have been purged due to post terms update, triggered by action: set_object_terms 
[2025-02-22 05:09:32 : INFO] - Cache for multiple term taxonomy have been purged due to post terms update, triggered by action: set_object_terms 
[2025-02-22 05:09:32 : INFO] - Cache for URL: https://saridis.local/catalog/maslo-olivkovoe-pomace-saridis-3/ has been purged, triggered by action: save_post 
[2025-02-22 05:09:32 : INFO] - Cache for multiple term taxonomy have been purged due to post terms update, triggered by action: set_object_terms 
[2025-02-22 05:09:32 : INFO] - Cache for multiple term taxonomy have been purged due to post terms update, triggered by action: set_object_terms 
[2025-02-22 05:09:33 : INFO] - Cache for URL: https://saridis.local/catalog/maslo-olivkovoe-pomace-koko/ has been purged, triggered by action: save_post 
[2025-02-22 05:09:33 : INFO] - Cache for multiple term taxonomy have been purged due to post terms update, triggered by action: set_object_terms 
[2025-02-22 05:09:33 : INFO] - Cache for multiple term taxonomy have been purged due to post terms update, triggered by action: set_object_terms 
[2025-02-22 05:09:34 : INFO] - Cache for URL: https://saridis.local/catalog/maslo-olivkovoe-pomace-koko-2/ has been purged, triggered by action: save_post 
[2025-02-22 05:09:34 : INFO] - Cache for multiple term taxonomy have been purged due to post terms update, triggered by action: set_object_terms 
[2025-02-22 05:09:34 : INFO] - Cache for multiple term taxonomy have been purged due to post terms update, triggered by action: set_object_terms 
[2025-02-22 05:09:34 : INFO] - Cache for URL: https://saridis.local/catalog/maslo-olivkovoe-pomace-koko-3/ has been purged, triggered by action: save_post 
[2025-02-22 07:44:18 : INFO] - Cache for URL: https://saridis.local/?p=466 has been purged, triggered by action: save_post 
[2025-02-22 07:44:18 : INFO] - Cache for all archives page associated with post_type: post and Title: "Черновик" have been purged, triggered by action: save_post 
[2025-02-23 06:50:05 : INFO] - Cache for multiple term taxonomy have been purged due to post terms update, triggered by action: set_object_terms 
[2025-02-23 06:50:06 : INFO] - Cache for multiple term taxonomy have been purged due to post terms update, triggered by action: set_object_terms 
[2025-02-23 06:50:06 : INFO] - Cache for multiple term taxonomy have been purged due to post terms update, triggered by action: set_object_terms 
[2025-02-23 06:50:06 : INFO] - Cache for URL: https://saridis.local/catalog/kofe-naturalnyj-molotyj-3/ has been purged, triggered by action: save_post 
[2025-02-23 06:50:34 : INFO] - Cache for multiple term taxonomy have been purged due to post terms update, triggered by action: set_object_terms 
[2025-02-23 06:50:34 : INFO] - Cache for multiple term taxonomy have been purged due to post terms update, triggered by action: set_object_terms 
[2025-02-23 06:50:34 : INFO] - Cache for multiple term taxonomy have been purged due to post terms update, triggered by action: set_object_terms 
[2025-02-23 06:50:34 : INFO] - Cache for URL: https://saridis.local/catalog/kofe-naturalnyj-molotyj-2/ has been purged, triggered by action: save_post 
[2025-02-23 06:50:36 : INFO] - Cache for multiple term taxonomy have been purged due to post terms update, triggered by action: set_object_terms 
[2025-02-23 06:50:37 : INFO] - Cache for multiple term taxonomy have been purged due to post terms update, triggered by action: set_object_terms 
[2025-02-23 06:50:37 : INFO] - Cache for multiple term taxonomy have been purged due to post terms update, triggered by action: set_object_terms 
[2025-02-23 06:50:37 : INFO] - Cache for URL: https://saridis.local/catalog/kofe-naturalnyj-molotyj/ has been purged, triggered by action: save_post 
[2025-02-23 06:54:52 : INFO] - Cache for multiple term taxonomy have been purged due to post terms update, triggered by action: set_object_terms 
[2025-02-23 06:54:53 : INFO] - Cache for multiple term taxonomy have been purged due to post terms update, triggered by action: set_object_terms 
[2025-02-23 06:54:53 : INFO] - Cache for multiple term taxonomy have been purged due to post terms update, triggered by action: set_object_terms 
[2025-02-23 06:54:53 : INFO] - Cache for URL: https://saridis.local/catalog/olivkovoe-maslo-extra-virgin-latzimas-pdo-2/ has been purged, triggered by action: save_post 
[2025-02-23 07:58:15 : INFO] - Cache for term page with URL: https://saridis.local/brand/eurimac/  have been purged, triggered by action: edit_terms 
[2025-02-23 07:58:15 : INFO] - Cache for associated posts for term with URL: https://saridis.local/brand/eurimac/ have been purged, triggered by action: edit_terms 
[2025-02-23 07:58:50 : INFO] - Cache for term page with URL: https://saridis.local/brand/brahimo/  have been purged, triggered by action: edit_terms 
[2025-02-23 07:58:50 : INFO] - Cache for associated posts for term with URL: https://saridis.local/brand/brahimo/ have been purged, triggered by action: edit_terms 
[2025-02-23 08:00:56 : INFO] - Cache for term page with URL: https://saridis.local/brand/eltha/  have been purged, triggered by action: edit_terms 
[2025-02-23 08:00:56 : INFO] - Cache for associated posts for term with URL: https://saridis.local/brand/eltha/ have been purged, triggered by action: edit_terms 
[2025-02-23 08:01:35 : INFO] - Cache for term page with URL: https://saridis.local/brand/latrovalis/  have been purged, triggered by action: edit_terms 
[2025-02-23 08:01:35 : INFO] - Cache for associated posts for term with URL: https://saridis.local/brand/latrovalis/ have been purged, triggered by action: edit_terms 
[2025-02-23 08:02:06 : INFO] - Cache for term page with URL: https://saridis.local/brand/brahimo/  have been purged, triggered by action: edit_terms 
[2025-02-23 08:02:06 : INFO] - Cache for associated posts for term with URL: https://saridis.local/brand/brahimo/ have been purged, triggered by action: edit_terms 
[2025-02-23 08:02:32 : INFO] - Cache for term page with URL: https://saridis.local/brand/latzimas-gold/  have been purged, triggered by action: edit_terms 
[2025-02-23 08:02:32 : INFO] - Cache for associated posts for term with URL: https://saridis.local/brand/latzimas-gold/ have been purged, triggered by action: edit_terms 
[2025-02-23 08:02:54 : INFO] - Cache for term page with URL: https://saridis.local/brand/loumidis-papagalos/  have been purged, triggered by action: edit_terms 
[2025-02-23 08:02:54 : INFO] - Cache for associated posts for term with URL: https://saridis.local/brand/loumidis-papagalos/ have been purged, triggered by action: edit_terms 
[2025-02-23 08:03:16 : INFO] - Cache for term page with URL: https://saridis.local/brand/makedoniki-gi/  have been purged, triggered by action: edit_terms 
[2025-02-23 08:03:16 : INFO] - Cache for associated posts for term with URL: https://saridis.local/brand/makedoniki-gi/ have been purged, triggered by action: edit_terms 
[2025-02-23 08:03:31 : INFO] - Cache for term page with URL: https://saridis.local/brand/meletiadis/  have been purged, triggered by action: edit_terms 
[2025-02-23 08:03:31 : INFO] - Cache for associated posts for term with URL: https://saridis.local/brand/meletiadis/ have been purged, triggered by action: edit_terms 
[2025-02-23 08:03:42 : INFO] - Cache for term page with URL: https://saridis.local/brand/onasis/  have been purged, triggered by action: edit_terms 
[2025-02-23 08:03:42 : INFO] - Cache for associated posts for term with URL: https://saridis.local/brand/onasis/ have been purged, triggered by action: edit_terms 
[2025-02-23 08:04:00 : INFO] - Cache for term page with URL: https://saridis.local/brand/papadopoulou/  have been purged, triggered by action: edit_terms 
[2025-02-23 08:04:00 : INFO] - Cache for associated posts for term with URL: https://saridis.local/brand/papadopoulou/ have been purged, triggered by action: edit_terms 
[2025-02-23 08:04:15 : INFO] - Cache for term page with URL: https://saridis.local/brand/saridis/  have been purged, triggered by action: edit_terms 
[2025-02-23 08:04:15 : INFO] - Cache for associated posts for term with URL: https://saridis.local/brand/saridis/ have been purged, triggered by action: edit_terms 
[2025-02-23 08:28:21 : INFO] - Cache for term page with URL: https://saridis.local/cats/konservacziya/  have been purged, triggered by action: edit_terms 
[2025-02-23 08:28:21 : INFO] - Cache for associated posts for term with URL: https://saridis.local/cats/konservacziya/ have been purged, triggered by action: edit_terms 
[2025-02-23 08:28:23 : INFO] - Cache for term page with URL: https://saridis.local/cats/kofe-i-chaj/  have been purged, triggered by action: edit_terms 
[2025-02-23 08:28:23 : INFO] - Cache for associated posts for term with URL: https://saridis.local/cats/kofe-i-chaj/ have been purged, triggered by action: edit_terms 
[2025-02-23 08:28:25 : INFO] - Cache for term page with URL: https://saridis.local/cats/makarony/  have been purged, triggered by action: edit_terms 
[2025-02-23 08:28:25 : INFO] - Cache for associated posts for term with URL: https://saridis.local/cats/makarony/ have been purged, triggered by action: edit_terms 
[2025-02-23 08:28:27 : INFO] - Cache for term page with URL: https://saridis.local/cats/olivki/  have been purged, triggered by action: edit_terms 
[2025-02-23 08:28:27 : INFO] - Cache for associated posts for term with URL: https://saridis.local/cats/olivki/ have been purged, triggered by action: edit_terms 
[2025-02-23 08:28:30 : INFO] - Cache for term page with URL: https://saridis.local/cats/olivkovoe-maslo/  have been purged, triggered by action: edit_terms 
[2025-02-23 08:28:30 : INFO] - Cache for associated posts for term with URL: https://saridis.local/cats/olivkovoe-maslo/ have been purged, triggered by action: edit_terms 
[2025-02-23 08:28:42 : INFO] - Cache for term page with URL: https://saridis.local/cats/prochie-masla-sousy-i-uksusy/  have been purged, triggered by action: edit_terms 
[2025-02-23 08:28:42 : INFO] - Cache for associated posts for term with URL: https://saridis.local/cats/prochie-masla-sousy-i-uksusy/ have been purged, triggered by action: edit_terms 
[2025-02-23 08:28:44 : INFO] - Cache for term page with URL: https://saridis.local/cats/sladosti/  have been purged, triggered by action: edit_terms 
[2025-02-23 08:28:44 : INFO] - Cache for associated posts for term with URL: https://saridis.local/cats/sladosti/ have been purged, triggered by action: edit_terms 
[2025-02-23 08:28:47 : INFO] - Cache for term page with URL: https://saridis.local/cats/hlopya-i-granoly/  have been purged, triggered by action: edit_terms 
[2025-02-23 18:50:07 : INFO] - Cache for URL: https://saridis.local/ has been purged, triggered by action: save_post 
[2025-02-23 18:53:20 : INFO] - Cache for URL: https://saridis.local/ has been purged, triggered by action: save_post 
[2025-02-23 18:55:26 : INFO] - Cache for URL: https://saridis.local/ has been purged, triggered by action: save_post 
